# JRE version: Java(TM) SE Runtime Environment (8.0_161-b12) (build 1.8.0_161-b12)
# Java VM: Java HotSpot(TM) 64-Bit Server VM (25.161-b12 mixed mode windows-amd64 compressed oops)
Heap:
 PSYoungGen      total 48640K, used 4992K [0x00000000f1580000, 0x00000000f4f00000, 0x0000000100000000)
  eden space 43520K, 0% used [0x00000000f1580000,0x00000000f1580000,0x00000000f4000000)
  from space 5120K, 97% used [0x00000000f4100000,0x00000000f45e0000,0x00000000f4600000)
  to   space 7680K, 0% used [0x00000000f4780000,0x00000000f4780000,0x00000000f4f00000)
 ParOldGen       total 128000K, used 126373K [0x00000000d4000000, 0x00000000dbd00000, 0x00000000f1580000)
  object space 128000K, 98% used [0x00000000d4000000,0x00000000dbb69660,0x00000000dbd00000)
 Metaspace       used 17910K, capacity 18212K, committed 18432K, reserved 1064960K
  class space    used 2139K, capacity 2222K, committed 2304K, reserved 1048576K
GC Heap History (10 events):
Event: 66145.401 GC heap after
Heap after GC invocations=3826 (full 81):
 PSYoungGen      total 50176K, used 2048K [0x00000000f1580000, 0x00000000f4f00000, 0x0000000100000000)
  eden space 47616K, 0% used [0x00000000f1580000,0x00000000f1580000,0x00000000f4400000)
  from space 2560K, 80% used [0x00000000f4500000,0x00000000f4700010,0x00000000f4780000)
  to   space 5632K, 0% used [0x00000000f4980000,0x00000000f4980000,0x00000000f4f00000)
 ParOldGen       total 128000K, used 123157K [0x00000000d4000000, 0x00000000dbd00000, 0x00000000f1580000)
  object space 128000K, 96% used [0x00000000d4000000,0x00000000db845650,0x00000000dbd00000)
 Metaspace       used 17910K, capacity 18212K, committed 18432K, reserved 1064960K
  class space    used 2139K, capacity 2222K, committed 2304K, reserved 1048576K
}
Event: 66157.060 GC heap before
{Heap before GC invocations=3827 (full 81):
 PSYoungGen      total 50176K, used 49664K [0x00000000f1580000, 0x00000000f4f00000, 0x0000000100000000)
  eden space 47616K, 100% used [0x00000000f1580000,0x00000000f4400000,0x00000000f4400000)
  from space 2560K, 80% used [0x00000000f4500000,0x00000000f4700010,0x00000000f4780000)
  to   space 5632K, 0% used [0x00000000f4980000,0x00000000f4980000,0x00000000f4f00000)
 ParOldGen       total 128000K, used 123157K [0x00000000d4000000, 0x00000000dbd00000, 0x00000000f1580000)
  object space 128000K, 96% used [0x00000000d4000000,0x00000000db845650,0x00000000dbd00000)
 Metaspace       used 17910K, capacity 18212K, committed 18432K, reserved 1064960K
  class space    used 2139K, capacity 2222K, committed 2304K, reserved 1048576K
Event: 66157.090 GC heap after
Heap after GC invocations=3827 (full 81):
 PSYoungGen      total 51200K, used 3744K [0x00000000f1580000, 0x00000000f4e00000, 0x0000000100000000)
  eden space 46592K, 0% used [0x00000000f1580000,0x00000000f1580000,0x00000000f4300000)
  from space 4608K, 81% used [0x00000000f4980000,0x00000000f4d28010,0x00000000f4e00000)
  to   space 5632K, 0% used [0x00000000f4300000,0x00000000f4300000,0x00000000f4880000)
 ParOldGen       total 128000K, used 123157K [0x00000000d4000000, 0x00000000dbd00000, 0x00000000f1580000)
  object space 128000K, 96% used [0x00000000d4000000,0x00000000db845650,0x00000000dbd00000)
 Metaspace       used 17910K, capacity 18212K, committed 18432K, reserved 1064960K
  class space    used 2139K, capacity 2222K, committed 2304K, reserved 1048576K
}
Event: 66167.493 GC heap before
{Heap before GC invocations=3828 (full 81):
 PSYoungGen      total 51200K, used 50336K [0x00000000f1580000, 0x00000000f4e00000, 0x0000000100000000)
  eden space 46592K, 100% used [0x00000000f1580000,0x00000000f4300000,0x00000000f4300000)
  from space 4608K, 81% used [0x00000000f4980000,0x00000000f4d28010,0x00000000f4e00000)
  to   space 5632K, 0% used [0x00000000f4300000,0x00000000f4300000,0x00000000f4880000)
 ParOldGen       total 128000K, used 123157K [0x00000000d4000000, 0x00000000dbd00000, 0x00000000f1580000)
  object space 128000K, 96% used [0x00000000d4000000,0x00000000db845650,0x00000000dbd00000)
 Metaspace       used 17910K, capacity 18212K, committed 18432K, reserved 1064960K
  class space    used 2139K, capacity 2222K, committed 2304K, reserved 1048576K
Event: 66167.531 GC heap after
Heap after GC invocations=3828 (full 81):
 PSYoungGen      total 51200K, used 4896K [0x00000000f1580000, 0x00000000f4f00000, 0x0000000100000000)
  eden space 45568K, 0% used [0x00000000f1580000,0x00000000f1580000,0x00000000f4200000)
  from space 5632K, 86% used [0x00000000f4300000,0x00000000f47c8010,0x00000000f4880000)
  to   space 6656K, 0% used [0x00000000f4880000,0x00000000f4880000,0x00000000f4f00000)
 ParOldGen       total 128000K, used 123157K [0x00000000d4000000, 0x00000000dbd00000, 0x00000000f1580000)
  object space 128000K, 96% used [0x00000000d4000000,0x00000000db845650,0x00000000dbd00000)
 Metaspace       used 17910K, capacity 18212K, committed 18432K, reserved 1064960K
  class space    used 2139K, capacity 2222K, committed 2304K, reserved 1048576K
}
Event: 66179.558 GC heap before
{Heap before GC invocations=3829 (full 81):
 PSYoungGen      total 51200K, used 50464K [0x00000000f1580000, 0x00000000f4f00000, 0x0000000100000000)
  eden space 45568K, 100% used [0x00000000f1580000,0x00000000f4200000,0x00000000f4200000)
  from space 5632K, 86% used [0x00000000f4300000,0x00000000f47c8010,0x00000000f4880000)
  to   space 6656K, 0% used [0x00000000f4880000,0x00000000f4880000,0x00000000f4f00000)
 ParOldGen       total 128000K, used 123157K [0x00000000d4000000, 0x00000000dbd00000, 0x00000000f1580000)
  object space 128000K, 96% used [0x00000000d4000000,0x00000000db845650,0x00000000dbd00000)
 Metaspace       used 17910K, capacity 18212K, committed 18432K, reserved 1064960K
  class space    used 2139K, capacity 2222K, committed 2304K, reserved 1048576K
Event: 66179.609 GC heap after
Heap after GC invocations=3829 (full 81):
 PSYoungGen      total 51200K, used 6624K [0x00000000f1580000, 0x00000000f5000000, 0x0000000100000000)
  eden space 44544K, 0% used [0x00000000f1580000,0x00000000f1580000,0x00000000f4100000)
  from space 6656K, 99% used [0x00000000f4880000,0x00000000f4ef8010,0x00000000f4f00000)
  to   space 7680K, 0% used [0x00000000f4100000,0x00000000f4100000,0x00000000f4880000)
 ParOldGen       total 128000K, used 123253K [0x00000000d4000000, 0x00000000dbd00000, 0x00000000f1580000)
  object space 128000K, 96% used [0x00000000d4000000,0x00000000db85d650,0x00000000dbd00000)
 Metaspace       used 17910K, capacity 18212K, committed 18432K, reserved 1064960K
  class space    used 2139K, capacity 2222K, committed 2304K, reserved 1048576K
}
Event: 66189.965 GC heap before
{Heap before GC invocations=3830 (full 81):
 PSYoungGen      total 51200K, used 51168K [0x00000000f1580000, 0x00000000f5000000, 0x0000000100000000)
  eden space 44544K, 100% used [0x00000000f1580000,0x00000000f4100000,0x00000000f4100000)
  from space 6656K, 99% used [0x00000000f4880000,0x00000000f4ef8010,0x00000000f4f00000)
  to   space 7680K, 0% used [0x00000000f4100000,0x00000000f4100000,0x00000000f4880000)
 ParOldGen       total 128000K, used 123253K [0x00000000d4000000, 0x00000000dbd00000, 0x00000000f1580000)
  object space 128000K, 96% used [0x00000000d4000000,0x00000000db85d650,0x00000000dbd00000)
 Metaspace       used 17910K, capacity 18212K, committed 18432K, reserved 1064960K
  class space    used 2139K, capacity 2222K, committed 2304K, reserved 1048576K
Event: 66190.027 GC heap after
Heap after GC invocations=3830 (full 81):
 PSYoungGen      total 48640K, used 4992K [0x00000000f1580000, 0x00000000f4f00000, 0x0000000100000000)
  eden space 43520K, 0% used [0x00000000f1580000,0x00000000f1580000,0x00000000f4000000)
  from space 5120K, 97% used [0x00000000f4100000,0x00000000f45e0000,0x00000000f4600000)
  to   space 7680K, 0% used [0x00000000f4780000,0x00000000f4780000,0x00000000f4f00000)
 ParOldGen       total 128000K, used 126373K [0x00000000d4000000, 0x00000000dbd00000, 0x00000000f1580000)
  object space 128000K, 98% used [0x00000000d4000000,0x00000000dbb69660,0x00000000dbd00000)
 Metaspace       used 17910K, capacity 18212K, committed 18432K, reserved 1064960K
  class space    used 2139K, capacity 2222K, committed 2304K, reserved 1048576K
}
Event: 66190.027 GC heap before
{Heap before GC invocations=3831 (full 82):
 PSYoungGen      total 48640K, used 4992K [0x00000000f1580000, 0x00000000f4f00000, 0x0000000100000000)
  eden space 43520K, 0% used [0x00000000f1580000,0x00000000f1580000,0x00000000f4000000)
  from space 5120K, 97% used [0x00000000f4100000,0x00000000f45e0000,0x00000000f4600000)
  to   space 7680K, 0% used [0x00000000f4780000,0x00000000f4780000,0x00000000f4f00000)
 ParOldGen       total 128000K, used 126373K [0x00000000d4000000, 0x00000000dbd00000, 0x00000000f1580000)
  object space 128000K, 98% used [0x00000000d4000000,0x00000000dbb69660,0x00000000dbd00000)
 Metaspace       used 17910K, capacity 18212K, committed 18432K, reserved 1064960K
  class space    used 2139K, capacity 2222K, committed 2304K, reserved 1048576K

