# JRE version: Java(TM) SE Runtime Environment (8.0_161-b12) (build 1.8.0_161-b12)
# Java VM: Java HotSpot(TM) 64-Bit Server VM (25.161-b12 mixed mode windows-amd64 compressed oops)
Heap:
 PSYoungGen      total 204288K, used 27963K [0x00000000f1580000, 0x0000000100000000, 0x0000000100000000)
  eden space 175616K, 0% used [0x00000000f1580000,0x00000000f1580000,0x00000000fc100000)
  from space 28672K, 97% used [0x00000000fe400000,0x00000000fff4ec08,0x0000000100000000)
  to   space 32256K, 0% used [0x00000000fc100000,0x00000000fc100000,0x00000000fe080000)
 ParOldGen       total 256512K, used 242529K [0x00000000d4000000, 0x00000000e3a80000, 0x00000000f1580000)
  object space 256512K, 94% used [0x00000000d4000000,0x00000000e2cd8450,0x00000000e3a80000)
 Metaspace       used 14017K, capacity 14252K, committed 14336K, reserved 1062912K
  class space    used 1709K, capacity 1778K, committed 1792K, reserved 1048576K
GC Heap History (10 events):
Event: 28.067 GC heap after
Heap after GC invocations=37 (full 5):
 PSYoungGen      total 206848K, used 16384K [0x00000000f1580000, 0x0000000100000000, 0x0000000100000000)
  eden space 181760K, 0% used [0x00000000f1580000,0x00000000f1580000,0x00000000fc700000)
  from space 25088K, 65% used [0x00000000fe780000,0x00000000ff780000,0x0000000100000000)
  to   space 29184K, 0% used [0x00000000fc700000,0x00000000fc700000,0x00000000fe380000)
 ParOldGen       total 256512K, used 208777K [0x00000000d4000000, 0x00000000e3a80000, 0x00000000f1580000)
  object space 256512K, 81% used [0x00000000d4000000,0x00000000e0be2450,0x00000000e3a80000)
 Metaspace       used 13976K, capacity 14188K, committed 14336K, reserved 1062912K
  class space    used 1709K, capacity 1778K, committed 1792K, reserved 1048576K
}
Event: 28.438 GC heap before
{Heap before GC invocations=38 (full 5):
 PSYoungGen      total 206848K, used 198144K [0x00000000f1580000, 0x0000000100000000, 0x0000000100000000)
  eden space 181760K, 100% used [0x00000000f1580000,0x00000000fc700000,0x00000000fc700000)
  from space 25088K, 65% used [0x00000000fe780000,0x00000000ff780000,0x0000000100000000)
  to   space 29184K, 0% used [0x00000000fc700000,0x00000000fc700000,0x00000000fe380000)
 ParOldGen       total 256512K, used 208777K [0x00000000d4000000, 0x00000000e3a80000, 0x00000000f1580000)
  object space 256512K, 81% used [0x00000000d4000000,0x00000000e0be2450,0x00000000e3a80000)
 Metaspace       used 13976K, capacity 14188K, committed 14336K, reserved 1062912K
  class space    used 1709K, capacity 1778K, committed 1792K, reserved 1048576K
Event: 28.540 GC heap after
Heap after GC invocations=38 (full 5):
 PSYoungGen      total 210944K, used 17728K [0x00000000f1580000, 0x0000000100000000, 0x0000000100000000)
  eden space 181760K, 0% used [0x00000000f1580000,0x00000000f1580000,0x00000000fc700000)
  from space 29184K, 60% used [0x00000000fc700000,0x00000000fd850000,0x00000000fe380000)
  to   space 29184K, 0% used [0x00000000fe380000,0x00000000fe380000,0x0000000100000000)
 ParOldGen       total 256512K, used 216025K [0x00000000d4000000, 0x00000000e3a80000, 0x00000000f1580000)
  object space 256512K, 84% used [0x00000000d4000000,0x00000000e12f6450,0x00000000e3a80000)
 Metaspace       used 13976K, capacity 14188K, committed 14336K, reserved 1062912K
  class space    used 1709K, capacity 1778K, committed 1792K, reserved 1048576K
}
Event: 28.992 GC heap before
{Heap before GC invocations=39 (full 5):
 PSYoungGen      total 210944K, used 199488K [0x00000000f1580000, 0x0000000100000000, 0x0000000100000000)
  eden space 181760K, 100% used [0x00000000f1580000,0x00000000fc700000,0x00000000fc700000)
  from space 29184K, 60% used [0x00000000fc700000,0x00000000fd850000,0x00000000fe380000)
  to   space 29184K, 0% used [0x00000000fe380000,0x00000000fe380000,0x0000000100000000)
 ParOldGen       total 256512K, used 216025K [0x00000000d4000000, 0x00000000e3a80000, 0x00000000f1580000)
  object space 256512K, 84% used [0x00000000d4000000,0x00000000e12f6450,0x00000000e3a80000)
 Metaspace       used 13990K, capacity 14252K, committed 14336K, reserved 1062912K
  class space    used 1709K, capacity 1778K, committed 1792K, reserved 1048576K
Event: 29.105 GC heap after
Heap after GC invocations=39 (full 5):
 PSYoungGen      total 209920K, used 17472K [0x00000000f1580000, 0x00000000fff00000, 0x0000000100000000)
  eden space 181760K, 0% used [0x00000000f1580000,0x00000000f1580000,0x00000000fc700000)
  from space 28160K, 62% used [0x00000000fe380000,0x00000000ff490000,0x00000000fff00000)
  to   space 28672K, 0% used [0x00000000fc700000,0x00000000fc700000,0x00000000fe300000)
 ParOldGen       total 256512K, used 225113K [0x00000000d4000000, 0x00000000e3a80000, 0x00000000f1580000)
  object space 256512K, 87% used [0x00000000d4000000,0x00000000e1bd6450,0x00000000e3a80000)
 Metaspace       used 13990K, capacity 14252K, committed 14336K, reserved 1062912K
  class space    used 1709K, capacity 1778K, committed 1792K, reserved 1048576K
}
Event: 29.505 GC heap before
{Heap before GC invocations=40 (full 5):
 PSYoungGen      total 209920K, used 199232K [0x00000000f1580000, 0x00000000fff00000, 0x0000000100000000)
  eden space 181760K, 100% used [0x00000000f1580000,0x00000000fc700000,0x00000000fc700000)
  from space 28160K, 62% used [0x00000000fe380000,0x00000000ff490000,0x00000000fff00000)
  to   space 28672K, 0% used [0x00000000fc700000,0x00000000fc700000,0x00000000fe300000)
 ParOldGen       total 256512K, used 225113K [0x00000000d4000000, 0x00000000e3a80000, 0x00000000f1580000)
  object space 256512K, 87% used [0x00000000d4000000,0x00000000e1bd6450,0x00000000e3a80000)
 Metaspace       used 14017K, capacity 14252K, committed 14336K, reserved 1062912K
  class space    used 1709K, capacity 1778K, committed 1792K, reserved 1048576K
Event: 29.619 GC heap after
Heap after GC invocations=40 (full 5):
 PSYoungGen      total 210432K, used 17728K [0x00000000f1580000, 0x0000000100000000, 0x0000000100000000)
  eden space 181760K, 0% used [0x00000000f1580000,0x00000000f1580000,0x00000000fc700000)
  from space 28672K, 61% used [0x00000000fc700000,0x00000000fd850000,0x00000000fe300000)
  to   space 28672K, 0% used [0x00000000fe400000,0x00000000fe400000,0x0000000100000000)
 ParOldGen       total 256512K, used 233697K [0x00000000d4000000, 0x00000000e3a80000, 0x00000000f1580000)
  object space 256512K, 91% used [0x00000000d4000000,0x00000000e2438450,0x00000000e3a80000)
 Metaspace       used 14017K, capacity 14252K, committed 14336K, reserved 1062912K
  class space    used 1709K, capacity 1778K, committed 1792K, reserved 1048576K
}
Event: 30.042 GC heap before
{Heap before GC invocations=41 (full 5):
 PSYoungGen      total 210432K, used 199488K [0x00000000f1580000, 0x0000000100000000, 0x0000000100000000)
  eden space 181760K, 100% used [0x00000000f1580000,0x00000000fc700000,0x00000000fc700000)
  from space 28672K, 61% used [0x00000000fc700000,0x00000000fd850000,0x00000000fe300000)
  to   space 28672K, 0% used [0x00000000fe400000,0x00000000fe400000,0x0000000100000000)
 ParOldGen       total 256512K, used 233697K [0x00000000d4000000, 0x00000000e3a80000, 0x00000000f1580000)
  object space 256512K, 91% used [0x00000000d4000000,0x00000000e2438450,0x00000000e3a80000)
 Metaspace       used 14017K, capacity 14252K, committed 14336K, reserved 1062912K
  class space    used 1709K, capacity 1778K, committed 1792K, reserved 1048576K
Event: 30.240 GC heap after
Heap after GC invocations=41 (full 5):
 PSYoungGen      total 204288K, used 27963K [0x00000000f1580000, 0x0000000100000000, 0x0000000100000000)
  eden space 175616K, 0% used [0x00000000f1580000,0x00000000f1580000,0x00000000fc100000)
  from space 28672K, 97% used [0x00000000fe400000,0x00000000fff4ec08,0x0000000100000000)
  to   space 32256K, 0% used [0x00000000fc100000,0x00000000fc100000,0x00000000fe080000)
 ParOldGen       total 256512K, used 242529K [0x00000000d4000000, 0x00000000e3a80000, 0x00000000f1580000)
  object space 256512K, 94% used [0x00000000d4000000,0x00000000e2cd8450,0x00000000e3a80000)
 Metaspace       used 14017K, capacity 14252K, committed 14336K, reserved 1062912K
  class space    used 1709K, capacity 1778K, committed 1792K, reserved 1048576K
}
Event: 30.240 GC heap before
{Heap before GC invocations=42 (full 6):
 PSYoungGen      total 204288K, used 27963K [0x00000000f1580000, 0x0000000100000000, 0x0000000100000000)
  eden space 175616K, 0% used [0x00000000f1580000,0x00000000f1580000,0x00000000fc100000)
  from space 28672K, 97% used [0x00000000fe400000,0x00000000fff4ec08,0x0000000100000000)
  to   space 32256K, 0% used [0x00000000fc100000,0x00000000fc100000,0x00000000fe080000)
 ParOldGen       total 256512K, used 242529K [0x00000000d4000000, 0x00000000e3a80000, 0x00000000f1580000)
  object space 256512K, 94% used [0x00000000d4000000,0x00000000e2cd8450,0x00000000e3a80000)
 Metaspace       used 14017K, capacity 14252K, committed 14336K, reserved 1062912K
  class space    used 1709K, capacity 1778K, committed 1792K, reserved 1048576K

