# JRE version: Java(TM) SE Runtime Environment (8.0_161-b12) (build 1.8.0_161-b12)
# Java VM: Java HotSpot(TM) 64-Bit Server VM (25.161-b12 mixed mode windows-amd64 compressed oops)
Heap:
 PSYoungGen      total 183296K, used 136704K [0x00000000f1580000, 0x00000000ffb00000, 0x0000000100000000)
  eden space 136704K, 100% used [0x00000000f1580000,0x00000000f9b00000,0x00000000f9b00000)
  from space 46592K, 0% used [0x00000000fcd80000,0x00000000fcd80000,0x00000000ffb00000)
  to   space 49152K, 0% used [0x00000000f9b00000,0x00000000f9b00000,0x00000000fcb00000)
 ParOldGen       total 480768K, used 480754K [0x00000000d4000000, 0x00000000f1580000, 0x00000000f1580000)
  object space 480768K, 99% used [0x00000000d4000000,0x00000000f157c8e8,0x00000000f1580000)
 Metaspace       used 14012K, capacity 14256K, committed 14336K, reserved 1062912K
  class space    used 1709K, capacity 1778K, committed 1792K, reserved 1048576K
GC Heap History (10 events):
Event: 70.193 GC heap after
Heap after GC invocations=87 (full 19):
 PSYoungGen      total 183296K, used 57388K [0x00000000f1580000, 0x00000000ffb00000, 0x0000000100000000)
  eden space 136704K, 41% used [0x00000000f1580000,0x00000000f4d8b218,0x00000000f9b00000)
  from space 46592K, 0% used [0x00000000fcd80000,0x00000000fcd80000,0x00000000ffb00000)
  to   space 49152K, 0% used [0x00000000f9b00000,0x00000000f9b00000,0x00000000fcb00000)
 ParOldGen       total 480768K, used 480754K [0x00000000d4000000, 0x00000000f1580000, 0x00000000f1580000)
  object space 480768K, 99% used [0x00000000d4000000,0x00000000f157c8e8,0x00000000f1580000)
 Metaspace       used 14012K, capacity 14256K, committed 14336K, reserved 1062912K
  class space    used 1709K, capacity 1778K, committed 1792K, reserved 1048576K
}
Event: 70.311 GC heap before
{Heap before GC invocations=88 (full 20):
 PSYoungGen      total 183296K, used 136704K [0x00000000f1580000, 0x00000000ffb00000, 0x0000000100000000)
  eden space 136704K, 100% used [0x00000000f1580000,0x00000000f9b00000,0x00000000f9b00000)
  from space 46592K, 0% used [0x00000000fcd80000,0x00000000fcd80000,0x00000000ffb00000)
  to   space 49152K, 0% used [0x00000000f9b00000,0x00000000f9b00000,0x00000000fcb00000)
 ParOldGen       total 480768K, used 480754K [0x00000000d4000000, 0x00000000f1580000, 0x00000000f1580000)
  object space 480768K, 99% used [0x00000000d4000000,0x00000000f157c8e8,0x00000000f1580000)
 Metaspace       used 14012K, capacity 14256K, committed 14336K, reserved 1062912K
  class space    used 1709K, capacity 1778K, committed 1792K, reserved 1048576K
Event: 72.584 GC heap after
Heap after GC invocations=88 (full 20):
 PSYoungGen      total 183296K, used 61248K [0x00000000f1580000, 0x00000000ffb00000, 0x0000000100000000)
  eden space 136704K, 44% used [0x00000000f1580000,0x00000000f5150250,0x00000000f9b00000)
  from space 46592K, 0% used [0x00000000fcd80000,0x00000000fcd80000,0x00000000ffb00000)
  to   space 49152K, 0% used [0x00000000f9b00000,0x00000000f9b00000,0x00000000fcb00000)
 ParOldGen       total 480768K, used 480754K [0x00000000d4000000, 0x00000000f1580000, 0x00000000f1580000)
  object space 480768K, 99% used [0x00000000d4000000,0x00000000f157c8e8,0x00000000f1580000)
 Metaspace       used 14012K, capacity 14256K, committed 14336K, reserved 1062912K
  class space    used 1709K, capacity 1778K, committed 1792K, reserved 1048576K
}
Event: 72.693 GC heap before
{Heap before GC invocations=89 (full 21):
 PSYoungGen      total 183296K, used 136704K [0x00000000f1580000, 0x00000000ffb00000, 0x0000000100000000)
  eden space 136704K, 100% used [0x00000000f1580000,0x00000000f9b00000,0x00000000f9b00000)
  from space 46592K, 0% used [0x00000000fcd80000,0x00000000fcd80000,0x00000000ffb00000)
  to   space 49152K, 0% used [0x00000000f9b00000,0x00000000f9b00000,0x00000000fcb00000)
 ParOldGen       total 480768K, used 480754K [0x00000000d4000000, 0x00000000f1580000, 0x00000000f1580000)
  object space 480768K, 99% used [0x00000000d4000000,0x00000000f157c8e8,0x00000000f1580000)
 Metaspace       used 14012K, capacity 14256K, committed 14336K, reserved 1062912K
  class space    used 1709K, capacity 1778K, committed 1792K, reserved 1048576K
Event: 74.981 GC heap after
Heap after GC invocations=89 (full 21):
 PSYoungGen      total 183296K, used 64920K [0x00000000f1580000, 0x00000000ffb00000, 0x0000000100000000)
  eden space 136704K, 47% used [0x00000000f1580000,0x00000000f54e6378,0x00000000f9b00000)
  from space 46592K, 0% used [0x00000000fcd80000,0x00000000fcd80000,0x00000000ffb00000)
  to   space 49152K, 0% used [0x00000000f9b00000,0x00000000f9b00000,0x00000000fcb00000)
 ParOldGen       total 480768K, used 480754K [0x00000000d4000000, 0x00000000f1580000, 0x00000000f1580000)
  object space 480768K, 99% used [0x00000000d4000000,0x00000000f157c8e8,0x00000000f1580000)
 Metaspace       used 14012K, capacity 14256K, committed 14336K, reserved 1062912K
  class space    used 1709K, capacity 1778K, committed 1792K, reserved 1048576K
}
Event: 75.080 GC heap before
{Heap before GC invocations=90 (full 22):
 PSYoungGen      total 183296K, used 136704K [0x00000000f1580000, 0x00000000ffb00000, 0x0000000100000000)
  eden space 136704K, 100% used [0x00000000f1580000,0x00000000f9b00000,0x00000000f9b00000)
  from space 46592K, 0% used [0x00000000fcd80000,0x00000000fcd80000,0x00000000ffb00000)
  to   space 49152K, 0% used [0x00000000f9b00000,0x00000000f9b00000,0x00000000fcb00000)
 ParOldGen       total 480768K, used 480754K [0x00000000d4000000, 0x00000000f1580000, 0x00000000f1580000)
  object space 480768K, 99% used [0x00000000d4000000,0x00000000f157c8e8,0x00000000f1580000)
 Metaspace       used 14012K, capacity 14256K, committed 14336K, reserved 1062912K
  class space    used 1709K, capacity 1778K, committed 1792K, reserved 1048576K
Event: 77.381 GC heap after
Heap after GC invocations=90 (full 22):
 PSYoungGen      total 183296K, used 68415K [0x00000000f1580000, 0x00000000ffb00000, 0x0000000100000000)
  eden space 136704K, 50% used [0x00000000f1580000,0x00000000f584fe30,0x00000000f9b00000)
  from space 46592K, 0% used [0x00000000fcd80000,0x00000000fcd80000,0x00000000ffb00000)
  to   space 49152K, 0% used [0x00000000f9b00000,0x00000000f9b00000,0x00000000fcb00000)
 ParOldGen       total 480768K, used 480754K [0x00000000d4000000, 0x00000000f1580000, 0x00000000f1580000)
  object space 480768K, 99% used [0x00000000d4000000,0x00000000f157c8e8,0x00000000f1580000)
 Metaspace       used 14012K, capacity 14256K, committed 14336K, reserved 1062912K
  class space    used 1709K, capacity 1778K, committed 1792K, reserved 1048576K
}
Event: 77.486 GC heap before
{Heap before GC invocations=91 (full 23):
 PSYoungGen      total 183296K, used 136704K [0x00000000f1580000, 0x00000000ffb00000, 0x0000000100000000)
  eden space 136704K, 100% used [0x00000000f1580000,0x00000000f9b00000,0x00000000f9b00000)
  from space 46592K, 0% used [0x00000000fcd80000,0x00000000fcd80000,0x00000000ffb00000)
  to   space 49152K, 0% used [0x00000000f9b00000,0x00000000f9b00000,0x00000000fcb00000)
 ParOldGen       total 480768K, used 480754K [0x00000000d4000000, 0x00000000f1580000, 0x00000000f1580000)
  object space 480768K, 99% used [0x00000000d4000000,0x00000000f157c8e8,0x00000000f1580000)
 Metaspace       used 14012K, capacity 14256K, committed 14336K, reserved 1062912K
  class space    used 1709K, capacity 1778K, committed 1792K, reserved 1048576K
Event: 79.802 GC heap after
Heap after GC invocations=91 (full 23):
 PSYoungGen      total 183296K, used 71739K [0x00000000f1580000, 0x00000000ffb00000, 0x0000000100000000)
  eden space 136704K, 52% used [0x00000000f1580000,0x00000000f5b8ecf8,0x00000000f9b00000)
  from space 46592K, 0% used [0x00000000fcd80000,0x00000000fcd80000,0x00000000ffb00000)
  to   space 49152K, 0% used [0x00000000f9b00000,0x00000000f9b00000,0x00000000fcb00000)
 ParOldGen       total 480768K, used 480754K [0x00000000d4000000, 0x00000000f1580000, 0x00000000f1580000)
  object space 480768K, 99% used [0x00000000d4000000,0x00000000f157c8e8,0x00000000f1580000)
 Metaspace       used 14012K, capacity 14256K, committed 14336K, reserved 1062912K
  class space    used 1709K, capacity 1778K, committed 1792K, reserved 1048576K
}
Event: 79.896 GC heap before
{Heap before GC invocations=92 (full 24):
 PSYoungGen      total 183296K, used 136704K [0x00000000f1580000, 0x00000000ffb00000, 0x0000000100000000)
  eden space 136704K, 100% used [0x00000000f1580000,0x00000000f9b00000,0x00000000f9b00000)
  from space 46592K, 0% used [0x00000000fcd80000,0x00000000fcd80000,0x00000000ffb00000)
  to   space 49152K, 0% used [0x00000000f9b00000,0x00000000f9b00000,0x00000000fcb00000)
 ParOldGen       total 480768K, used 480754K [0x00000000d4000000, 0x00000000f1580000, 0x00000000f1580000)
  object space 480768K, 99% used [0x00000000d4000000,0x00000000f157c8e8,0x00000000f1580000)
 Metaspace       used 14012K, capacity 14256K, committed 14336K, reserved 1062912K
  class space    used 1709K, capacity 1778K, committed 1792K, reserved 1048576K

